<?xml version="1.0" encoding="UTF-8"?>
<!-- Generated by org.testng.reporters.JUnitXMLReporter -->
<testsuite hostname="Shree" ignored="4" name="Atul" tests="5" failures="0" timestamp="2022-06-23T18:11:49 IST" time="0.127" errors="0">
  <testcase name="Atul" time="0.015" classname="TestNG.TestNG_KeyWord"/>
  <testcase name="Atul" time="0.0" classname="TestNG.TestNG_KeyWord"/>
  <testcase name="Atul" time="0.0" classname="TestNG.TestNG_KeyWord"/>
  <testcase name="Atul" time="0.0" classname="TestNG.TestNG_KeyWord"/>
  <testcase name="Atul" time="0.017" classname="TestNG.TestNG_KeyWord"/>
  <testcase name="Pooja" time="0.0" classname="TestNG.TestNG_KeyWord">
    <ignored/>
  </testcase> <!-- Pooja -->
  <testcase name="varsha" time="0.0" classname="TestNG.TestNG_KeyWord">
    <ignored/>
  </testcase> <!-- varsha -->
  <testcase name="Rohan" time="0.0" classname="TestNG.TestNG_KeyWord">
    <ignored/>
  </testcase> <!-- Rohan -->
  <testcase name="Rohit" time="0.0" classname="TestNG.TestNG_KeyWord">
    <ignored/>
  </testcase> <!-- Rohit -->
</testsuite> <!-- Atul -->
