<?xml version="1.0" encoding="UTF-8"?>
<!-- Generated by org.testng.reporters.JUnitXMLReporter -->
<testsuite hostname="Shree" ignored="0" name="Test" tests="1" failures="0" timestamp="2022-07-06T19:14:45 IST" time="0.092" errors="0">
  <testcase name="@BeforeClass launchBrowser" time="0.018" classname="ListenerCrossBrowser.KitePropcross">
    <failure type="java.lang.NullPointerException">
      <![CDATA[java.lang.NullPointerException
at ListenerCrossBrowser.KitePropcross.launchBrowser(KitePropcross.java:34)
at java.util.ArrayList.forEach(Unknown Source)
... Removed 25 stack frames]]>
    </failure>
  </testcase> <!-- @BeforeClass launchBrowser -->
  <testcase name="@BeforeMethod loginToKiteApp" time="-1.657115085571E9" classname="ListenerCrossBrowser.KitePropcross">
    <skipped/>
  </testcase> <!-- @BeforeMethod loginToKiteApp -->
  <testcase name="@AfterMethod logOutFromKite" time="-1.65711508558E9" classname="ListenerCrossBrowser.KitePropcross">
    <skipped/>
  </testcase> <!-- @AfterMethod logOutFromKite -->
  <testcase name="@AfterClass closeBrowser" time="-1.657115085586E9" classname="ListenerCrossBrowser.KitePropcross">
    <skipped/>
  </testcase> <!-- @AfterClass closeBrowser -->
  <testcase name="validateUserID" time="0.0" classname="ListenerCrossBrowser.KitePropcross">
    <skipped/>
  </testcase> <!-- validateUserID -->
</testsuite> <!-- Test -->
